app/build/intermediates/manifest_merge_blame_file/debug/manifest-merger-blame-debug-report.txt
1<?xml version="1.0" encoding="utf-8"?>
2<manifest xmlns:android="http://schemas.android.com/apk/res/android"
3    package="com.example.PhidgetAndroidExample"
4    android:versionCode="1"
5    android:versionName="1.0" >
6
7    <uses-sdk
7-->src\main\AndroidManifest.xml:6:5-44
8        android:minSdkVersion="28"
8-->src\main\AndroidManifest.xml:6:15-41
9        android:targetSdkVersion="30" />
9-->src\main\AndroidManifest.xml:6:5-44
10
11    <uses-feature
11-->src\main\AndroidManifest.xml:8:5-10:36
12        android:name="android.hardware.usb.host"
12-->src\main\AndroidManifest.xml:9:9-49
13        android:required="false" />
13-->src\main\AndroidManifest.xml:10:9-33
14
15    <uses-permission android:name="android.permission.INTERNET" />
15-->src\main\AndroidManifest.xml:11:5-67
15-->src\main\AndroidManifest.xml:11:22-64
16
17    <application
17-->src\main\AndroidManifest.xml:13:5-26:19
18        android:appComponentFactory="androidx.core.app.CoreComponentFactory"
18-->[androidx.core:core:1.3.1] AndroidManifest.xml:24:18-86
19        android:debuggable="true"
20        android:extractNativeLibs="false"
21        android:icon="@drawable/ic_launcher"
21-->src\main\AndroidManifest.xml:14:9-45
22        android:label="@string/app_name"
22-->src\main\AndroidManifest.xml:15:9-41
23        android:testOnly="true" >
24        <activity
24-->src\main\AndroidManifest.xml:16:9-24:20
25            android:name="com.example.PhidgetRCServoExample.RCServoExample"
25-->src\main\AndroidManifest.xml:18:13-76
26            android:label="@string/app_name" >
26-->src\main\AndroidManifest.xml:17:13-45
27            <intent-filter>
27-->src\main\AndroidManifest.xml:19:13-23:29
28                <action android:name="android.intent.action.MAIN" />
28-->src\main\AndroidManifest.xml:20:17-69
28-->src\main\AndroidManifest.xml:20:25-66
29
30                <category android:name="android.intent.category.LAUNCHER" />
30-->src\main\AndroidManifest.xml:22:17-77
30-->src\main\AndroidManifest.xml:22:27-74
31            </intent-filter>
32        </activity>
33    </application>
34
35</manifest>